mode: set
github.com/caputdraconis050630/manual-parse/main.go:22.30,24.2 1 1
github.com/caputdraconis050630/manual-parse/main.go:26.35,27.38 1 1
github.com/caputdraconis050630/manual-parse/main.go:27.38,29.3 1 1
github.com/caputdraconis050630/manual-parse/main.go:30.2,30.12 1 1
github.com/caputdraconis050630/manual-parse/main.go:33.47,37.20 4 1
github.com/caputdraconis050630/manual-parse/main.go:37.20,39.3 1 1
github.com/caputdraconis050630/manual-parse/main.go:41.2,41.43 1 1
github.com/caputdraconis050630/manual-parse/main.go:41.43,44.3 2 1
github.com/caputdraconis050630/manual-parse/main.go:46.2,47.16 2 1
github.com/caputdraconis050630/manual-parse/main.go:47.16,49.3 1 1
github.com/caputdraconis050630/manual-parse/main.go:50.2,52.15 2 1
github.com/caputdraconis050630/manual-parse/main.go:55.56,60.38 5 1
github.com/caputdraconis050630/manual-parse/main.go:60.38,62.3 1 0
github.com/caputdraconis050630/manual-parse/main.go:63.2,64.20 2 1
github.com/caputdraconis050630/manual-parse/main.go:64.20,66.3 1 1
github.com/caputdraconis050630/manual-parse/main.go:67.2,67.18 1 1
github.com/caputdraconis050630/manual-parse/main.go:70.52,72.34 2 1
github.com/caputdraconis050630/manual-parse/main.go:72.34,74.3 1 1
github.com/caputdraconis050630/manual-parse/main.go:77.55,78.18 1 1
github.com/caputdraconis050630/manual-parse/main.go:78.18,81.3 2 1
github.com/caputdraconis050630/manual-parse/main.go:83.2,84.16 2 1
github.com/caputdraconis050630/manual-parse/main.go:84.16,86.3 1 1
github.com/caputdraconis050630/manual-parse/main.go:87.2,88.12 2 1
github.com/caputdraconis050630/manual-parse/main.go:91.13,93.16 2 0
github.com/caputdraconis050630/manual-parse/main.go:93.16,97.3 3 0
github.com/caputdraconis050630/manual-parse/main.go:98.2,99.16 2 0
github.com/caputdraconis050630/manual-parse/main.go:99.16,103.3 3 0
github.com/caputdraconis050630/manual-parse/main.go:105.2,106.16 2 0
github.com/caputdraconis050630/manual-parse/main.go:106.16,109.3 2 0
